SF:lib/core/state_management/bloc.dart
DA:6,12
DA:7,0
DA:9,14
DA:11,7
DA:12,7
DA:14,7
DA:17,7
DA:19,7
DA:20,14
DA:21,21
DA:22,7
DA:26,1
DA:27,2
LF:13
LH:12
end_of_record
SF:lib/core/state_management/states/error_state.dart
DA:7,8
LF:1
LH:1
end_of_record
SF:lib/core/state_management/consumer_widget.dart
DA:9,4
DA:16,4
DA:17,4
DA:21,4
DA:23,4
DA:24,12
DA:25,4
DA:26,4
DA:27,8
DA:29,12
DA:31,4
LF:11
LH:11
end_of_record
SF:lib/core/state_management/states/success_state.dart
DA:6,18
LF:1
LH:1
end_of_record
SF:lib/app_module.dart
DA:14,3
DA:16,5
DA:17,3
DA:18,2
DA:19,1
DA:22,3
DA:23,2
DA:25,3
DA:28,0
DA:30,0
DA:31,0
DA:32,0
DA:34,0
DA:35,0
DA:36,0
DA:38,0
DA:39,0
DA:40,0
DA:42,0
DA:43,0
DA:44,0
DA:46,0
LF:22
LH:8
end_of_record
SF:lib/modules/products/products_module.dart
DA:16,0
DA:18,0
DA:19,0
DA:22,1
DA:24,1
DA:25,2
DA:26,1
DA:29,1
DA:30,2
DA:31,1
DA:34,1
DA:35,2
DA:36,1
DA:39,1
DA:40,2
DA:41,1
DA:44,1
LF:17
LH:14
end_of_record
SF:lib/modules/products/ui/pages/products_bloc.dart
DA:13,6
DA:15,2
DA:17,2
DA:18,2
DA:21,2
DA:22,4
DA:23,4
DA:24,2
DA:25,1
DA:26,2
DA:27,1
DA:28,1
DA:29,1
DA:32,2
DA:33,1
LF:15
LH:15
end_of_record
SF:lib/modules/products/ui/pages/products_page.dart
DA:19,14
DA:21,1
DA:22,1
DA:26,1
DA:28,2
DA:29,1
DA:32,1
DA:34,1
DA:38,1
DA:42,1
DA:44,1
DA:45,1
DA:46,1
DA:47,1
DA:48,1
DA:50,1
DA:53,2
DA:55,1
DA:57,2
DA:59,1
DA:61,1
DA:69,1
DA:70,0
DA:71,0
LF:24
LH:22
end_of_record
SF:lib/core/errors/base_error.dart
DA:5,14
LF:1
LH:1
end_of_record
SF:lib/core/result/result.dart
DA:5,11
DA:7,8
DA:8,6
DA:10,4
DA:11,4
DA:12,8
DA:13,3
DA:14,6
DA:17,0
LF:9
LH:8
end_of_record
SF:lib/commons/entities/discount_entity.dart
DA:17,4
DA:32,2
DA:33,1
DA:34,1
DA:35,1
DA:36,1
DA:37,1
DA:38,1
DA:39,1
DA:40,1
DA:41,1
DA:42,1
DA:43,1
DA:44,1
LF:14
LH:14
end_of_record
SF:lib/commons/models/discount_model.dart
DA:11,0
DA:12,0
DA:13,0
DA:14,0
DA:33,2
DA:48,0
DA:49,0
DA:50,0
DA:51,0
DA:52,0
DA:53,0
DA:54,0
DA:55,0
DA:56,0
DA:57,0
DA:58,0
DA:59,0
DA:60,0
DA:61,0
DA:62,0
DA:67,1
DA:68,1
DA:69,1
DA:70,1
DA:71,1
DA:72,2
DA:73,1
DA:74,1
DA:75,1
DA:76,1
DA:77,1
DA:78,1
DA:79,2
DA:80,1
DA:84,2
DA:85,1
DA:86,1
DA:87,1
DA:88,1
DA:89,1
DA:90,1
DA:91,1
DA:92,1
DA:93,1
DA:94,1
DA:95,1
DA:96,1
LF:47
LH:28
end_of_record
SF:lib/commons/entities/rating_entity.dart
DA:5,2
LF:1
LH:1
end_of_record
SF:lib/commons/entities/product_entity.dart
DA:12,2
LF:1
LH:1
end_of_record
SF:lib/modules/discounts/ui/pages/discounts_bloc.dart
DA:13,6
DA:15,2
DA:17,2
DA:18,2
DA:21,2
DA:22,4
DA:23,4
DA:24,2
DA:25,4
DA:26,4
DA:28,2
DA:29,1
LF:12
LH:12
end_of_record
SF:lib/core/network/dio_client_impl.dart
DA:7,1
DA:9,0
DA:16,0
DA:20,0
DA:26,1
DA:32,2
DA:35,1
DA:41,0
DA:49,0
DA:53,0
DA:60,0
DA:68,0
DA:72,0
LF:13
LH:4
end_of_record
SF:lib/core/storage/hive_storage_impl.dart
DA:8,13
DA:10,0
DA:15,0
DA:16,0
DA:17,0
DA:18,0
DA:20,0
DA:24,0
DA:29,0
DA:30,0
DA:31,0
DA:32,0
DA:34,0
DA:38,0
DA:41,0
DA:42,0
DA:43,0
DA:44,0
DA:46,0
DA:50,0
DA:56,0
DA:57,0
DA:58,0
DA:59,0
DA:61,0
DA:65,1
DA:68,1
DA:69,0
DA:70,0
DA:71,0
DA:73,1
DA:74,0
DA:76,1
DA:80,0
DA:83,0
DA:84,0
DA:85,0
DA:87,0
LF:38
LH:5
end_of_record
SF:lib/modules/discount_detail/discount_detail_module.dart
DA:9,0
DA:11,0
DA:12,0
DA:13,0
DA:14,0
DA:17,0
LF:6
LH:0
end_of_record
SF:lib/modules/discounts/discounts_module.dart
DA:18,0
DA:20,0
DA:21,0
DA:22,0
DA:24,0
DA:27,1
DA:29,1
DA:30,2
DA:31,1
DA:34,1
DA:35,2
DA:36,1
DA:39,1
DA:40,2
DA:41,1
DA:44,1
DA:45,2
DA:46,1
DA:49,1
LF:19
LH:14
end_of_record
SF:lib/modules/register_discount/register_discount_module.dart
DA:19,0
DA:21,0
DA:22,0
DA:23,0
DA:24,0
DA:25,0
DA:28,0
DA:31,1
DA:33,1
DA:34,2
DA:35,1
DA:38,1
DA:39,2
DA:40,1
DA:43,1
DA:44,2
DA:45,1
DA:48,1
DA:49,2
DA:50,1
DA:53,1
LF:21
LH:14
end_of_record
SF:lib/commons/widgets/default_button.dart
DA:8,2
DA:15,2
DA:17,2
DA:18,2
DA:21,2
DA:22,2
DA:24,2
DA:25,2
DA:26,2
DA:27,2
LF:10
LH:10
end_of_record
SF:lib/commons/widgets/default_switch.dart
DA:8,0
DA:10,0
DA:11,0
DA:16,0
DA:18,0
DA:19,0
DA:20,0
DA:21,0
DA:23,0
DA:25,0
DA:27,0
DA:28,0
DA:32,0
DA:33,0
DA:34,0
DA:37,0
DA:39,0
DA:40,0
DA:42,0
LF:19
LH:0
end_of_record
SF:lib/commons/models/product_model.dart
DA:13,2
DA:23,1
DA:24,1
DA:25,1
DA:26,1
DA:27,2
DA:28,1
DA:29,1
DA:30,1
DA:31,2
DA:35,0
DA:36,0
DA:37,0
DA:38,0
DA:39,0
DA:40,0
DA:41,0
DA:42,0
DA:43,0
DA:47,2
DA:48,1
DA:49,1
DA:50,1
DA:51,1
DA:52,1
DA:53,1
DA:54,2
LF:27
LH:18
end_of_record
SF:lib/commons/models/rating_model.dart
DA:7,2
DA:12,1
DA:13,1
DA:14,2
DA:15,1
DA:19,0
DA:20,0
DA:21,0
DA:22,0
DA:26,4
LF:10
LH:6
end_of_record
SF:lib/commons/widgets/default_app_bar.dart
DA:7,15
DA:13,3
DA:15,3
DA:16,3
DA:18,3
DA:20,3
DA:22,3
DA:24,3
DA:25,3
DA:26,3
DA:27,3
DA:28,3
DA:36,3
DA:37,3
DA:39,3
DA:40,3
DA:48,3
DA:49,3
DA:68,3
DA:69,3
DA:70,3
LF:21
LH:21
end_of_record
SF:lib/commons/widgets/default_error.dart
DA:6,2
DA:11,2
DA:13,2
DA:16,2
DA:22,2
DA:23,2
LF:6
LH:6
end_of_record
SF:lib/commons/widgets/loading_widget.dart
DA:7,26
DA:9,2
DA:11,2
DA:12,2
DA:15,2
DA:18,4
DA:20,2
DA:21,2
DA:23,2
DA:24,2
DA:25,2
DA:26,2
DA:27,2
DA:30,2
DA:32,2
DA:38,2
DA:39,2
DA:40,2
DA:42,4
DA:46,2
DA:48,2
DA:59,2
DA:61,2
DA:62,2
DA:63,2
DA:65,4
DA:69,2
DA:71,2
DA:76,2
DA:77,2
DA:79,4
DA:83,2
DA:85,2
LF:33
LH:33
end_of_record
SF:lib/commons/widgets/shimmer.dart
DA:5,2
DA:7,2
DA:8,2
DA:15,2
DA:17,2
DA:18,4
DA:20,2
DA:22,4
DA:23,6
DA:26,2
DA:28,2
DA:29,2
DA:30,2
DA:31,2
DA:32,2
DA:33,2
DA:36,2
DA:37,2
DA:38,2
DA:39,2
DA:41,2
DA:42,4
DA:43,4
DA:44,6
DA:46,2
DA:48,4
DA:54,2
DA:56,4
DA:57,2
LF:29
LH:29
end_of_record
SF:lib/core/navigation/base_path.dart
DA:5,52
DA:7,0
DA:8,0
DA:9,0
LF:4
LH:1
end_of_record
SF:lib/core/state_management/state_management.dart
DA:7,9
LF:1
LH:1
end_of_record
SF:lib/modules/discount_detail/ui/pages/discount_detail_page.dart
DA:15,0
DA:20,0
DA:22,0
DA:23,0
DA:25,0
DA:27,0
DA:29,0
DA:30,0
DA:32,0
DA:33,0
DA:39,0
DA:40,0
DA:46,0
DA:49,0
DA:50,0
DA:51,0
DA:53,0
DA:55,0
DA:56,0
DA:65,0
DA:70,0
DA:72,0
DA:74,0
DA:75,0
DA:76,0
DA:84,0
DA:85,0
DA:86,0
DA:91,0
DA:93,0
DA:95,0
DA:96,0
DA:97,0
DA:106,0
DA:107,0
DA:108,0
DA:109,0
DA:111,0
DA:119,0
DA:120,0
DA:126,0
DA:127,0
DA:133,0
DA:135,0
DA:136,0
DA:137,0
DA:138,0
DA:139,0
DA:140,0
DA:157,0
DA:158,0
DA:159,0
DA:160,0
DA:161,0
DA:162,0
DA:166,0
DA:167,0
DA:168,0
DA:169,0
DA:172,0
DA:173,0
DA:179,0
DA:180,0
LF:63
LH:0
end_of_record
SF:lib/modules/discounts/data/datasources/impl/discounts_datasouce_impl.dart
DA:10,2
DA:11,2
DA:14,4
DA:15,2
DA:16,2
DA:18,1
DA:19,0
DA:20,0
DA:23,1
DA:24,2
DA:27,1
LF:11
LH:9
end_of_record
SF:lib/modules/discounts/data/repositories/discounts_repository_impl.dart
DA:9,2
DA:11,2
DA:14,4
DA:15,3
DA:16,2
DA:17,2
LF:6
LH:6
end_of_record
SF:lib/modules/discounts/domain/usecases/impl/get_discounts_usecase_impl.dart
DA:9,2
DA:11,2
DA:13,4
LF:3
LH:3
end_of_record
SF:lib/modules/discounts/ui/pages/discounts_page.dart
DA:17,14
DA:19,1
DA:20,1
DA:25,1
DA:27,1
DA:28,1
DA:30,0
DA:32,1
DA:36,1
DA:37,1
DA:38,1
DA:40,1
DA:43,2
DA:45,1
DA:47,2
DA:49,1
DA:51,1
LF:17
LH:16
end_of_record
SF:lib/modules/discounts/ui/pages/components/discount_card_widget.dart
DA:13,0
DA:18,0
DA:20,0
DA:22,0
DA:23,0
DA:24,0
DA:26,0
DA:28,0
DA:29,0
DA:35,0
DA:36,0
DA:39,0
DA:40,0
DA:44,0
DA:45,0
DA:46,0
DA:49,0
DA:50,0
DA:51,0
DA:53,0
DA:55,0
DA:56,0
DA:65,0
DA:66,0
DA:68,0
DA:69,0
DA:70,0
DA:79,0
DA:80,0
DA:85,0
DA:86,0
DA:87,0
DA:101,0
DA:107,0
DA:108,0
DA:109,0
DA:110,0
DA:112,0
DA:115,0
DA:116,0
DA:118,0
DA:125,0
DA:128,0
DA:129,0
DA:130,0
DA:131,0
DA:132,0
LF:47
LH:0
end_of_record
SF:lib/modules/discounts/ui/pages/components/tile_date_discount_widget.dart
DA:9,0
DA:15,0
DA:17,0
DA:19,0
DA:20,0
DA:21,0
DA:24,0
DA:25,0
LF:8
LH:0
end_of_record
SF:lib/modules/discounts/ui/pages/components/success_widget.dart
DA:7,1
DA:12,1
DA:14,1
DA:15,0
DA:18,2
DA:19,0
DA:20,0
DA:21,0
LF:8
LH:4
end_of_record
SF:lib/modules/products/data/datasources/impl/products_datasource_impl.dart
DA:11,2
DA:13,2
DA:16,2
DA:17,6
DA:18,2
DA:19,2
DA:22,2
DA:23,4
DA:25,1
LF:9
LH:9
end_of_record
SF:lib/modules/products/data/repositories/products_repository_impl.dart
DA:9,2
DA:10,2
DA:13,4
DA:14,1
DA:15,4
DA:17,2
DA:18,2
LF:7
LH:7
end_of_record
SF:lib/modules/products/domain/usecases/impl/get_products_usecase_impl.dart
DA:9,2
DA:10,2
DA:12,4
LF:3
LH:3
end_of_record
SF:lib/modules/products/ui/pages/components/product_card_widget.dart
DA:14,0
DA:19,0
DA:21,0
DA:23,0
DA:24,0
DA:25,0
DA:27,0
DA:29,0
DA:30,0
DA:31,0
DA:36,0
DA:37,0
DA:38,0
DA:41,0
DA:42,0
DA:43,0
DA:45,0
DA:47,0
DA:48,0
DA:57,0
DA:58,0
DA:60,0
DA:74,0
DA:76,0
DA:77,0
DA:87,0
DA:88,0
DA:89,0
DA:90,0
DA:91,0
DA:93,0
DA:98,0
DA:99,0
DA:108,0
DA:109,0
DA:111,0
DA:116,0
DA:117,0
DA:136,0
DA:139,0
DA:140,0
DA:141,0
DA:142,0
DA:143,0
LF:44
LH:0
end_of_record
SF:lib/modules/products/ui/pages/components/success_widget.dart
DA:8,1
DA:13,1
DA:15,1
DA:16,0
DA:19,2
DA:20,0
DA:21,0
DA:22,0
LF:8
LH:4
end_of_record
SF:lib/modules/register_discount/data/datasources/impl/register_discount_datasource_impl.dart
DA:10,2
DA:11,1
DA:14,2
DA:15,2
DA:16,2
DA:17,2
DA:19,0
DA:21,1
DA:24,1
LF:9
LH:8
end_of_record
SF:lib/modules/register_discount/data/repositories/register_discount_repository_impl.dart
DA:9,2
DA:10,1
DA:13,3
DA:14,1
DA:15,1
DA:16,1
LF:6
LH:6
end_of_record
SF:lib/modules/register_discount/domain/usecases/impl/register_discount_usecase_impl.dart
DA:10,2
DA:12,1
DA:14,2
LF:3
LH:3
end_of_record
SF:lib/modules/register_discount/ui/pages/register_discount_bloc.dart
DA:17,6
DA:19,0
DA:21,0
DA:22,0
DA:24,0
DA:25,0
DA:27,0
DA:28,0
DA:33,1
DA:37,2
DA:38,2
DA:39,1
DA:40,2
DA:41,2
DA:43,1
DA:44,1
DA:47,1
LF:17
LH:10
end_of_record
SF:lib/modules/register_discount/ui/pages/register_discount_page.dart
DA:24,1
DA:30,1
DA:31,1
DA:53,1
DA:55,2
DA:56,1
DA:58,0
DA:61,3
DA:63,1
DA:66,1
DA:68,1
DA:69,1
DA:71,0
DA:73,1
DA:74,1
DA:75,1
DA:76,1
DA:77,0
DA:79,1
DA:81,1
DA:82,1
DA:83,1
DA:84,1
DA:86,1
DA:87,1
DA:89,1
DA:92,1
DA:93,1
DA:96,1
DA:98,1
DA:101,1
DA:103,1
DA:106,1
DA:108,1
DA:110,2
DA:112,0
DA:113,0
DA:114,0
DA:116,4
DA:119,1
DA:120,1
DA:122,1
DA:123,1
DA:124,1
DA:125,1
DA:128,1
DA:131,1
DA:132,1
DA:133,1
DA:143,1
DA:144,1
DA:147,1
DA:150,1
DA:151,1
DA:152,1
DA:162,1
DA:163,1
DA:165,1
DA:166,1
DA:167,1
DA:168,1
DA:171,1
DA:174,1
DA:175,1
DA:176,1
DA:186,1
DA:187,1
DA:190,1
DA:192,1
DA:198,1
DA:199,1
DA:201,1
DA:202,1
DA:203,1
DA:204,1
DA:205,1
DA:206,1
DA:209,1
DA:211,1
DA:212,1
DA:213,1
DA:223,1
DA:224,1
DA:227,1
DA:229,0
DA:230,0
DA:231,0
DA:234,0
DA:235,0
DA:248,1
DA:251,1
DA:254,1
DA:255,1
DA:256,1
DA:265,1
DA:267,1
DA:268,1
DA:269,1
DA:270,1
DA:272,1
DA:274,0
DA:275,0
DA:277,1
DA:283,1
DA:284,1
DA:286,1
DA:288,0
DA:289,0
DA:291,1
DA:297,1
DA:300,1
DA:302,1
DA:303,0
DA:304,0
DA:305,0
DA:306,0
DA:307,0
DA:308,0
DA:309,0
DA:310,0
DA:311,0
DA:312,0
DA:313,0
DA:314,0
DA:315,0
DA:317,0
DA:318,0
DA:319,0
DA:321,0
DA:322,0
DA:323,0
DA:331,1
DA:344,0
DA:345,0
DA:348,1
DA:349,1
DA:355,1
DA:356,4
DA:357,4
DA:358,5
DA:359,5
DA:360,4
DA:361,6
DA:362,6
DA:363,2
DA:364,4
DA:365,5
DA:366,5
DA:367,4
DA:368,4
DA:369,2
DA:370,5
DA:371,2
DA:372,5
DA:375,0
DA:376,0
DA:377,0
DA:378,0
DA:379,0
DA:380,0
DA:381,0
DA:384,1
DA:385,1
DA:386,1
LF:164
LH:121
end_of_record
SF:lib/modules/register_discount/ui/pages/components/default_dropdown.dart
DA:11,1
DA:19,1
DA:20,1
DA:24,1
DA:26,1
DA:28,1
DA:29,1
DA:30,2
DA:36,1
DA:37,2
DA:39,1
DA:40,1
DA:41,1
DA:43,0
DA:49,2
DA:50,1
DA:51,2
DA:53,2
DA:56,1
DA:57,2
DA:63,2
DA:67,1
LF:22
LH:21
end_of_record
SF:lib/modules/register_discount/ui/pages/components/default_text_field.dart
DA:17,1
DA:29,1
DA:30,1
DA:32,1
DA:33,2
DA:35,1
DA:36,2
DA:41,1
DA:43,1
DA:44,1
DA:46,1
DA:47,1
DA:48,1
DA:54,1
DA:56,1
DA:57,1
DA:58,1
DA:59,1
DA:60,1
DA:61,1
DA:62,1
DA:63,1
DA:65,1
DA:66,0
DA:67,0
DA:69,0
DA:70,0
DA:71,0
DA:75,0
DA:76,0
DA:77,0
DA:86,2
DA:90,1
DA:95,0
DA:98,0
DA:102,0
DA:104,0
DA:106,0
DA:108,0
DA:110,0
LF:40
LH:25
end_of_record
